listening on port 3000
[ 'https://airsnd.s3.amazonaws.com/1.mp3?AWSAccessKeyId=AKIAJ3RLBROXSDEJ44HA&Expires=1447724119&Signature=p57MyNqPnO5P%2BOaM8KBM80wM1o0%3D',
  'https://airsnd.s3.amazonaws.com/10.mp3?AWSAccessKeyId=AKIAJ3RLBROXSDEJ44HA&Expires=1447724119&Signature=TfMt2Q3slThnijlM2D2SfE140gM%3D',
  'https://airsnd.s3.amazonaws.com/11.mp3?AWSAccessKeyId=AKIAJ3RLBROXSDEJ44HA&Expires=1447724119&Signature=f5YqK%2FMqbHNl%2BLpm7hIC9oSDTs4%3D',
  'https://airsnd.s3.amazonaws.com/12.mp3?AWSAccessKeyId=AKIAJ3RLBROXSDEJ44HA&Expires=1447724119&Signature=40of5leLoprxsSa1cdU3eUHvuT8%3D',
  'https://airsnd.s3.amazonaws.com/13.mp3?AWSAccessKeyId=AKIAJ3RLBROXSDEJ44HA&Expires=1447724119&Signature=0DwPWBPKVb3ak7%2Bv2ONoPAQGyYU%3D',
  'https://airsnd.s3.amazonaws.com/14.mp3?AWSAccessKeyId=AKIAJ3RLBROXSDEJ44HA&Expires=1447724119&Signature=PsJ0PkFor3tldXYG9WA9QBaDwFY%3D',
  'https://airsnd.s3.amazonaws.com/15.mp3?AWSAccessKeyId=AKIAJ3RLBROXSDEJ44HA&Expires=1447724119&Signature=JenBTLzUGodK2RP5vlwMIklGy88%3D',
  'https://airsnd.s3.amazonaws.com/16.mp3?AWSAccessKeyId=AKIAJ3RLBROXSDEJ44HA&Expires=1447724119&Signature=km1RsUuRmyOrruzwhE41RrYA1d8%3D',
  'https://airsnd.s3.amazonaws.com/17.mp3?AWSAccessKeyId=AKIAJ3RLBROXSDEJ44HA&Expires=1447724119&Signature=XkNspaNJMUCk%2Fl6qEQLBAxPRXVM%3D',
  'https://airsnd.s3.amazonaws.com/18.mp3?AWSAccessKeyId=AKIAJ3RLBROXSDEJ44HA&Expires=1447724119&Signature=wHlsr9fd%2F4Bj%2BjCcOZVHRiJXtEc%3D',
  'https://airsnd.s3.amazonaws.com/19.mp3?AWSAccessKeyId=AKIAJ3RLBROXSDEJ44HA&Expires=1447724119&Signature=dKxUC41bdnlOP0BdE5i91Og9mFk%3D',
  'https://airsnd.s3.amazonaws.com/2.mp3?AWSAccessKeyId=AKIAJ3RLBROXSDEJ44HA&Expires=1447724119&Signature=iwnNJcXs%2FQRCECy0eMBZXVTAIYQ%3D',
  'https://airsnd.s3.amazonaws.com/20.mp3?AWSAccessKeyId=AKIAJ3RLBROXSDEJ44HA&Expires=1447724119&Signature=djXCBLoQPMYynjA5rf4fnvlsPDc%3D',
  'https://airsnd.s3.amazonaws.com/21.mp3?AWSAccessKeyId=AKIAJ3RLBROXSDEJ44HA&Expires=1447724119&Signature=EYl0cL45q%2FpzXP7z83u9OMd8Qu0%3D',
  'https://airsnd.s3.amazonaws.com/22.mp3?AWSAccessKeyId=AKIAJ3RLBROXSDEJ44HA&Expires=1447724119&Signature=BX%2Bq7OdeQoby8%2FX0iGewwPpWnuI%3D',
  'https://airsnd.s3.amazonaws.com/23.mp3?AWSAccessKeyId=AKIAJ3RLBROXSDEJ44HA&Expires=1447724119&Signature=dCm8lAEf5bM44ihcFyuVypgBI2s%3D',
  'https://airsnd.s3.amazonaws.com/24.mp3?AWSAccessKeyId=AKIAJ3RLBROXSDEJ44HA&Expires=1447724119&Signature=%2FZOn%2BfQjkVZTtH%2BJZgI%2F8ox%2BOlY%3D',
  'https://airsnd.s3.amazonaws.com/25.mp3?AWSAccessKeyId=AKIAJ3RLBROXSDEJ44HA&Expires=1447724119&Signature=8Nhwi8001n%2BKnF7NlQ7pk4RBKts%3D',
  'https://airsnd.s3.amazonaws.com/26.mp3?AWSAccessKeyId=AKIAJ3RLBROXSDEJ44HA&Expires=1447724119&Signature=imi%2Bo9%2FEmliiCD13XSZcozSiJMM%3D',
  'https://airsnd.s3.amazonaws.com/27.mp3?AWSAccessKeyId=AKIAJ3RLBROXSDEJ44HA&Expires=1447724119&Signature=wecv%2F02w0ZsE%2FWrXVYdvPKgTS3Q%3D',
  'https://airsnd.s3.amazonaws.com/28.mp3?AWSAccessKeyId=AKIAJ3RLBROXSDEJ44HA&Expires=1447724119&Signature=KneRH4lPqs0hF1u1430Bp22nj48%3D',
  'https://airsnd.s3.amazonaws.com/29.mp3?AWSAccessKeyId=AKIAJ3RLBROXSDEJ44HA&Expires=1447724119&Signature=BnaSTsGuwg2nAzPZA23FEM9lrSc%3D',
  'https://airsnd.s3.amazonaws.com/3.mp3?AWSAccessKeyId=AKIAJ3RLBROXSDEJ44HA&Expires=1447724119&Signature=YwnIDzpjYgDzJ5cJoapArebkh3Y%3D',
  'https://airsnd.s3.amazonaws.com/30.mp3?AWSAccessKeyId=AKIAJ3RLBROXSDEJ44HA&Expires=1447724119&Signature=ACyq%2B%2FWCiuhnPsbAnhaLULgfcuo%3D',
  'https://airsnd.s3.amazonaws.com/31.mp3?AWSAccessKeyId=AKIAJ3RLBROXSDEJ44HA&Expires=1447724119&Signature=W6Rki03LzcC1hpN7yP%2BTh2ls0JA%3D',
  'https://airsnd.s3.amazonaws.com/32.mp3?AWSAccessKeyId=AKIAJ3RLBROXSDEJ44HA&Expires=1447724119&Signature=yibOCs7SL1qxMoNTB3s82qReZn0%3D',
  'https://airsnd.s3.amazonaws.com/4.mp3?AWSAccessKeyId=AKIAJ3RLBROXSDEJ44HA&Expires=1447724119&Signature=oOaOf2ri6tzIXjLMMsbDi3jhWCU%3D',
  'https://airsnd.s3.amazonaws.com/5.mp3?AWSAccessKeyId=AKIAJ3RLBROXSDEJ44HA&Expires=1447724119&Signature=a8wrHNsIEvtSLuevebL4Hm1nJ24%3D',
  'https://airsnd.s3.amazonaws.com/6.mp3?AWSAccessKeyId=AKIAJ3RLBROXSDEJ44HA&Expires=1447724119&Signature=Bmp%2F9cZi%2FR45iCZVf2%2FfWu7K6p4%3D',
  'https://airsnd.s3.amazonaws.com/7.mp3?AWSAccessKeyId=AKIAJ3RLBROXSDEJ44HA&Expires=1447724119&Signature=Wp4JG5iygaPBa95elMUDFOCN1LY%3D',
  'https://airsnd.s3.amazonaws.com/8.mp3?AWSAccessKeyId=AKIAJ3RLBROXSDEJ44HA&Expires=1447724119&Signature=9KMNjlwEeSf%2BaO8NfhWoDZu1Gu8%3D',
  'https://airsnd.s3.amazonaws.com/9.mp3?AWSAccessKeyId=AKIAJ3RLBROXSDEJ44HA&Expires=1447724119&Signature=FhgcwxIetmXDcXKhBGqLVTOcVTw%3D' ]
Request number 0 is about to get https://airsnd.s3.amazonaws.com/1.mp3?AWSAccessKeyId=AKIAJ3RLBROXSDEJ44HA&Expires=1447724119&Signature=p57MyNqPnO5P%2BOaM8KBM80wM1o0%3D
[ 'https://airsnd.s3.amazonaws.com/1.mp3?AWSAccessKeyId=AKIAJ3RLBROXSDEJ44HA&Expires=1447724119&Signature=p57MyNqPnO5P%2BOaM8KBM80wM1o0%3D',
  'https://airsnd.s3.amazonaws.com/10.mp3?AWSAccessKeyId=AKIAJ3RLBROXSDEJ44HA&Expires=1447724119&Signature=TfMt2Q3slThnijlM2D2SfE140gM%3D',
  'https://airsnd.s3.amazonaws.com/11.mp3?AWSAccessKeyId=AKIAJ3RLBROXSDEJ44HA&Expires=1447724119&Signature=f5YqK%2FMqbHNl%2BLpm7hIC9oSDTs4%3D',
  'https://airsnd.s3.amazonaws.com/12.mp3?AWSAccessKeyId=AKIAJ3RLBROXSDEJ44HA&Expires=1447724119&Signature=40of5leLoprxsSa1cdU3eUHvuT8%3D',
  'https://airsnd.s3.amazonaws.com/13.mp3?AWSAccessKeyId=AKIAJ3RLBROXSDEJ44HA&Expires=1447724119&Signature=0DwPWBPKVb3ak7%2Bv2ONoPAQGyYU%3D',
  'https://airsnd.s3.amazonaws.com/14.mp3?AWSAccessKeyId=AKIAJ3RLBROXSDEJ44HA&Expires=1447724119&Signature=PsJ0PkFor3tldXYG9WA9QBaDwFY%3D',
  'https://airsnd.s3.amazonaws.com/15.mp3?AWSAccessKeyId=AKIAJ3RLBROXSDEJ44HA&Expires=1447724119&Signature=JenBTLzUGodK2RP5vlwMIklGy88%3D',
  'https://airsnd.s3.amazonaws.com/16.mp3?AWSAccessKeyId=AKIAJ3RLBROXSDEJ44HA&Expires=1447724119&Signature=km1RsUuRmyOrruzwhE41RrYA1d8%3D',
  'https://airsnd.s3.amazonaws.com/17.mp3?AWSAccessKeyId=AKIAJ3RLBROXSDEJ44HA&Expires=1447724119&Signature=XkNspaNJMUCk%2Fl6qEQLBAxPRXVM%3D',
  'https://airsnd.s3.amazonaws.com/18.mp3?AWSAccessKeyId=AKIAJ3RLBROXSDEJ44HA&Expires=1447724119&Signature=wHlsr9fd%2F4Bj%2BjCcOZVHRiJXtEc%3D',
  'https://airsnd.s3.amazonaws.com/19.mp3?AWSAccessKeyId=AKIAJ3RLBROXSDEJ44HA&Expires=1447724119&Signature=dKxUC41bdnlOP0BdE5i91Og9mFk%3D',
  'https://airsnd.s3.amazonaws.com/2.mp3?AWSAccessKeyId=AKIAJ3RLBROXSDEJ44HA&Expires=1447724119&Signature=iwnNJcXs%2FQRCECy0eMBZXVTAIYQ%3D',
  'https://airsnd.s3.amazonaws.com/20.mp3?AWSAccessKeyId=AKIAJ3RLBROXSDEJ44HA&Expires=1447724119&Signature=djXCBLoQPMYynjA5rf4fnvlsPDc%3D',
  'https://airsnd.s3.amazonaws.com/21.mp3?AWSAccessKeyId=AKIAJ3RLBROXSDEJ44HA&Expires=1447724119&Signature=EYl0cL45q%2FpzXP7z83u9OMd8Qu0%3D',
  'https://airsnd.s3.amazonaws.com/22.mp3?AWSAccessKeyId=AKIAJ3RLBROXSDEJ44HA&Expires=1447724119&Signature=BX%2Bq7OdeQoby8%2FX0iGewwPpWnuI%3D',
  'https://airsnd.s3.amazonaws.com/23.mp3?AWSAccessKeyId=AKIAJ3RLBROXSDEJ44HA&Expires=1447724119&Signature=dCm8lAEf5bM44ihcFyuVypgBI2s%3D',
  'https://airsnd.s3.amazonaws.com/24.mp3?AWSAccessKeyId=AKIAJ3RLBROXSDEJ44HA&Expires=1447724119&Signature=%2FZOn%2BfQjkVZTtH%2BJZgI%2F8ox%2BOlY%3D',
  'https://airsnd.s3.amazonaws.com/25.mp3?AWSAccessKeyId=AKIAJ3RLBROXSDEJ44HA&Expires=1447724119&Signature=8Nhwi8001n%2BKnF7NlQ7pk4RBKts%3D',
  'https://airsnd.s3.amazonaws.com/26.mp3?AWSAccessKeyId=AKIAJ3RLBROXSDEJ44HA&Expires=1447724119&Signature=imi%2Bo9%2FEmliiCD13XSZcozSiJMM%3D',
  'https://airsnd.s3.amazonaws.com/27.mp3?AWSAccessKeyId=AKIAJ3RLBROXSDEJ44HA&Expires=1447724119&Signature=wecv%2F02w0ZsE%2FWrXVYdvPKgTS3Q%3D',
  'https://airsnd.s3.amazonaws.com/28.mp3?AWSAccessKeyId=AKIAJ3RLBROXSDEJ44HA&Expires=1447724119&Signature=KneRH4lPqs0hF1u1430Bp22nj48%3D',
  'https://airsnd.s3.amazonaws.com/29.mp3?AWSAccessKeyId=AKIAJ3RLBROXSDEJ44HA&Expires=1447724119&Signature=BnaSTsGuwg2nAzPZA23FEM9lrSc%3D',
  'https://airsnd.s3.amazonaws.com/3.mp3?AWSAccessKeyId=AKIAJ3RLBROXSDEJ44HA&Expires=1447724119&Signature=YwnIDzpjYgDzJ5cJoapArebkh3Y%3D',
  'https://airsnd.s3.amazonaws.com/30.mp3?AWSAccessKeyId=AKIAJ3RLBROXSDEJ44HA&Expires=1447724119&Signature=ACyq%2B%2FWCiuhnPsbAnhaLULgfcuo%3D',
  'https://airsnd.s3.amazonaws.com/31.mp3?AWSAccessKeyId=AKIAJ3RLBROXSDEJ44HA&Expires=1447724119&Signature=W6Rki03LzcC1hpN7yP%2BTh2ls0JA%3D',
  'https://airsnd.s3.amazonaws.com/32.mp3?AWSAccessKeyId=AKIAJ3RLBROXSDEJ44HA&Expires=1447724119&Signature=yibOCs7SL1qxMoNTB3s82qReZn0%3D',
  'https://airsnd.s3.amazonaws.com/4.mp3?AWSAccessKeyId=AKIAJ3RLBROXSDEJ44HA&Expires=1447724119&Signature=oOaOf2ri6tzIXjLMMsbDi3jhWCU%3D',
  'https://airsnd.s3.amazonaws.com/5.mp3?AWSAccessKeyId=AKIAJ3RLBROXSDEJ44HA&Expires=1447724119&Signature=a8wrHNsIEvtSLuevebL4Hm1nJ24%3D',
  'https://airsnd.s3.amazonaws.com/6.mp3?AWSAccessKeyId=AKIAJ3RLBROXSDEJ44HA&Expires=1447724119&Signature=Bmp%2F9cZi%2FR45iCZVf2%2FfWu7K6p4%3D',
  'https://airsnd.s3.amazonaws.com/7.mp3?AWSAccessKeyId=AKIAJ3RLBROXSDEJ44HA&Expires=1447724119&Signature=Wp4JG5iygaPBa95elMUDFOCN1LY%3D',
  'https://airsnd.s3.amazonaws.com/8.mp3?AWSAccessKeyId=AKIAJ3RLBROXSDEJ44HA&Expires=1447724119&Signature=9KMNjlwEeSf%2BaO8NfhWoDZu1Gu8%3D',
  'https://airsnd.s3.amazonaws.com/9.mp3?AWSAccessKeyId=AKIAJ3RLBROXSDEJ44HA&Expires=1447724119&Signature=FhgcwxIetmXDcXKhBGqLVTOcVTw%3D' ]
Request number 1 is about to get https://airsnd.s3.amazonaws.com/10.mp3?AWSAccessKeyId=AKIAJ3RLBROXSDEJ44HA&Expires=1447724119&Signature=TfMt2Q3slThnijlM2D2SfE140gM%3D
[ 'https://airsnd.s3.amazonaws.com/1.mp3?AWSAccessKeyId=AKIAJ3RLBROXSDEJ44HA&Expires=1447724119&Signature=p57MyNqPnO5P%2BOaM8KBM80wM1o0%3D',
  'https://airsnd.s3.amazonaws.com/10.mp3?AWSAccessKeyId=AKIAJ3RLBROXSDEJ44HA&Expires=1447724119&Signature=TfMt2Q3slThnijlM2D2SfE140gM%3D',
  'https://airsnd.s3.amazonaws.com/11.mp3?AWSAccessKeyId=AKIAJ3RLBROXSDEJ44HA&Expires=1447724119&Signature=f5YqK%2FMqbHNl%2BLpm7hIC9oSDTs4%3D',
  'https://airsnd.s3.amazonaws.com/12.mp3?AWSAccessKeyId=AKIAJ3RLBROXSDEJ44HA&Expires=1447724119&Signature=40of5leLoprxsSa1cdU3eUHvuT8%3D',
  'https://airsnd.s3.amazonaws.com/13.mp3?AWSAccessKeyId=AKIAJ3RLBROXSDEJ44HA&Expires=1447724119&Signature=0DwPWBPKVb3ak7%2Bv2ONoPAQGyYU%3D',
  'https://airsnd.s3.amazonaws.com/14.mp3?AWSAccessKeyId=AKIAJ3RLBROXSDEJ44HA&Expires=1447724119&Signature=PsJ0PkFor3tldXYG9WA9QBaDwFY%3D',
  'https://airsnd.s3.amazonaws.com/15.mp3?AWSAccessKeyId=AKIAJ3RLBROXSDEJ44HA&Expires=1447724119&Signature=JenBTLzUGodK2RP5vlwMIklGy88%3D',
  'https://airsnd.s3.amazonaws.com/16.mp3?AWSAccessKeyId=AKIAJ3RLBROXSDEJ44HA&Expires=1447724119&Signature=km1RsUuRmyOrruzwhE41RrYA1d8%3D',
  'https://airsnd.s3.amazonaws.com/17.mp3?AWSAccessKeyId=AKIAJ3RLBROXSDEJ44HA&Expires=1447724119&Signature=XkNspaNJMUCk%2Fl6qEQLBAxPRXVM%3D',
  'https://airsnd.s3.amazonaws.com/18.mp3?AWSAccessKeyId=AKIAJ3RLBROXSDEJ44HA&Expires=1447724119&Signature=wHlsr9fd%2F4Bj%2BjCcOZVHRiJXtEc%3D',
  'https://airsnd.s3.amazonaws.com/19.mp3?AWSAccessKeyId=AKIAJ3RLBROXSDEJ44HA&Expires=1447724119&Signature=dKxUC41bdnlOP0BdE5i91Og9mFk%3D',
  'https://airsnd.s3.amazonaws.com/2.mp3?AWSAccessKeyId=AKIAJ3RLBROXSDEJ44HA&Expires=1447724119&Signature=iwnNJcXs%2FQRCECy0eMBZXVTAIYQ%3D',
  'https://airsnd.s3.amazonaws.com/20.mp3?AWSAccessKeyId=AKIAJ3RLBROXSDEJ44HA&Expires=1447724119&Signature=djXCBLoQPMYynjA5rf4fnvlsPDc%3D',
  'https://airsnd.s3.amazonaws.com/21.mp3?AWSAccessKeyId=AKIAJ3RLBROXSDEJ44HA&Expires=1447724119&Signature=EYl0cL45q%2FpzXP7z83u9OMd8Qu0%3D',
  'https://airsnd.s3.amazonaws.com/22.mp3?AWSAccessKeyId=AKIAJ3RLBROXSDEJ44HA&Expires=1447724119&Signature=BX%2Bq7OdeQoby8%2FX0iGewwPpWnuI%3D',
  'https://airsnd.s3.amazonaws.com/23.mp3?AWSAccessKeyId=AKIAJ3RLBROXSDEJ44HA&Expires=1447724119&Signature=dCm8lAEf5bM44ihcFyuVypgBI2s%3D',
  'https://airsnd.s3.amazonaws.com/24.mp3?AWSAccessKeyId=AKIAJ3RLBROXSDEJ44HA&Expires=1447724119&Signature=%2FZOn%2BfQjkVZTtH%2BJZgI%2F8ox%2BOlY%3D',
  'https://airsnd.s3.amazonaws.com/25.mp3?AWSAccessKeyId=AKIAJ3RLBROXSDEJ44HA&Expires=1447724119&Signature=8Nhwi8001n%2BKnF7NlQ7pk4RBKts%3D',
  'https://airsnd.s3.amazonaws.com/26.mp3?AWSAccessKeyId=AKIAJ3RLBROXSDEJ44HA&Expires=1447724119&Signature=imi%2Bo9%2FEmliiCD13XSZcozSiJMM%3D',
  'https://airsnd.s3.amazonaws.com/27.mp3?AWSAccessKeyId=AKIAJ3RLBROXSDEJ44HA&Expires=1447724119&Signature=wecv%2F02w0ZsE%2FWrXVYdvPKgTS3Q%3D',
  'https://airsnd.s3.amazonaws.com/28.mp3?AWSAccessKeyId=AKIAJ3RLBROXSDEJ44HA&Expires=1447724119&Signature=KneRH4lPqs0hF1u1430Bp22nj48%3D',
  'https://airsnd.s3.amazonaws.com/29.mp3?AWSAccessKeyId=AKIAJ3RLBROXSDEJ44HA&Expires=1447724119&Signature=BnaSTsGuwg2nAzPZA23FEM9lrSc%3D',
  'https://airsnd.s3.amazonaws.com/3.mp3?AWSAccessKeyId=AKIAJ3RLBROXSDEJ44HA&Expires=1447724119&Signature=YwnIDzpjYgDzJ5cJoapArebkh3Y%3D',
  'https://airsnd.s3.amazonaws.com/30.mp3?AWSAccessKeyId=AKIAJ3RLBROXSDEJ44HA&Expires=1447724119&Signature=ACyq%2B%2FWCiuhnPsbAnhaLULgfcuo%3D',
  'https://airsnd.s3.amazonaws.com/31.mp3?AWSAccessKeyId=AKIAJ3RLBROXSDEJ44HA&Expires=1447724119&Signature=W6Rki03LzcC1hpN7yP%2BTh2ls0JA%3D',
  'https://airsnd.s3.amazonaws.com/32.mp3?AWSAccessKeyId=AKIAJ3RLBROXSDEJ44HA&Expires=1447724119&Signature=yibOCs7SL1qxMoNTB3s82qReZn0%3D',
  'https://airsnd.s3.amazonaws.com/4.mp3?AWSAccessKeyId=AKIAJ3RLBROXSDEJ44HA&Expires=1447724119&Signature=oOaOf2ri6tzIXjLMMsbDi3jhWCU%3D',
  'https://airsnd.s3.amazonaws.com/5.mp3?AWSAccessKeyId=AKIAJ3RLBROXSDEJ44HA&Expires=1447724119&Signature=a8wrHNsIEvtSLuevebL4Hm1nJ24%3D',
  'https://airsnd.s3.amazonaws.com/6.mp3?AWSAccessKeyId=AKIAJ3RLBROXSDEJ44HA&Expires=1447724119&Signature=Bmp%2F9cZi%2FR45iCZVf2%2FfWu7K6p4%3D',
  'https://airsnd.s3.amazonaws.com/7.mp3?AWSAccessKeyId=AKIAJ3RLBROXSDEJ44HA&Expires=1447724119&Signature=Wp4JG5iygaPBa95elMUDFOCN1LY%3D',
  'https://airsnd.s3.amazonaws.com/8.mp3?AWSAccessKeyId=AKIAJ3RLBROXSDEJ44HA&Expires=1447724119&Signature=9KMNjlwEeSf%2BaO8NfhWoDZu1Gu8%3D',
  'https://airsnd.s3.amazonaws.com/9.mp3?AWSAccessKeyId=AKIAJ3RLBROXSDEJ44HA&Expires=1447724119&Signature=FhgcwxIetmXDcXKhBGqLVTOcVTw%3D' ]
Request number 2 is about to get https://airsnd.s3.amazonaws.com/11.mp3?AWSAccessKeyId=AKIAJ3RLBROXSDEJ44HA&Expires=1447724119&Signature=f5YqK%2FMqbHNl%2BLpm7hIC9oSDTs4%3D
